[ 2021-01-23T17:54:11+08:00 ][ info ] [ BEHAVIOR ] Run Closure @app_init [ RunTime:0.003596s ]
[ info ] [ LOG ] INIT File
[ 2021-01-23T17:54:11+08:00 ][ info ] [ CACHE ] INIT File
[ 2021-01-23T17:54:11+08:00 ][ info ] [ BEHAVIOR ] Run Closure @app_init [ RunTime:0.002116s ]
[ 2021-01-23T17:54:11+08:00 ][ info ] [ DB ] INIT mysql
[ 2021-01-23T17:54:19+08:00 ][ info ] [ BEHAVIOR ] Run Closure @app_init [ RunTime:0.000154s ]
[ info ] [ LOG ] INIT File
[ 2021-01-23T17:54:19+08:00 ][ info ] [ CACHE ] INIT File
[ 2021-01-23T17:54:19+08:00 ][ info ] [ BEHAVIOR ] Run Closure @app_init [ RunTime:0.001907s ]
[ 2021-01-23T17:54:19+08:00 ][ info ] [ DB ] INIT mysql
[ 2021-01-23T17:55:46+08:00 ][ info ] [ BEHAVIOR ] Run Closure @app_init [ RunTime:0.000149s ]
[ info ] [ LOG ] INIT File
[ 2021-01-23T17:55:46+08:00 ][ info ] [ CACHE ] INIT File
[ 2021-01-23T17:55:46+08:00 ][ info ] [ BEHAVIOR ] Run Closure @app_init [ RunTime:0.002125s ]
[ 2021-01-23T17:55:46+08:00 ][ info ] [ DB ] INIT mysql
[ 2021-01-23T17:55:56+08:00 ][ info ] [ BEHAVIOR ] Run Closure @app_init [ RunTime:0.000162s ]
[ info ] [ LOG ] INIT File
[ 2021-01-23T17:55:56+08:00 ][ info ] [ CACHE ] INIT File
[ 2021-01-23T17:55:56+08:00 ][ info ] [ BEHAVIOR ] Run Closure @app_init [ RunTime:0.001897s ]
[ 2021-01-23T17:55:56+08:00 ][ info ] [ DB ] INIT mysql
[ 2021-01-23T17:56:01+08:00 ][ info ] [ BEHAVIOR ] Run Closure @app_init [ RunTime:0.000149s ]
[ info ] [ LOG ] INIT File
[ 2021-01-23T17:56:01+08:00 ][ info ] [ CACHE ] INIT File
[ 2021-01-23T17:56:01+08:00 ][ info ] [ BEHAVIOR ] Run Closure @app_init [ RunTime:0.001844s ]
[ 2021-01-23T17:56:01+08:00 ][ info ] [ DB ] INIT mysql
[ 2021-01-23T17:56:30+08:00 ][ info ] [ BEHAVIOR ] Run Closure @app_init [ RunTime:0.000204s ]
[ info ] [ LOG ] INIT File
[ 2021-01-23T17:56:30+08:00 ][ info ] [ CACHE ] INIT File
[ 2021-01-23T17:56:30+08:00 ][ info ] [ BEHAVIOR ] Run Closure @app_init [ RunTime:0.002667s ]
[ 2021-01-23T17:56:30+08:00 ][ info ] [ DB ] INIT mysql
[ 2021-01-23T17:56:30+08:00 ][ info ] [ BEHAVIOR ] Run Closure @app_init [ RunTime:0.000236s ]
[ info ] [ LOG ] INIT File
[ 2021-01-23T17:56:30+08:00 ][ info ] [ CACHE ] INIT File
[ 2021-01-23T17:56:30+08:00 ][ info ] [ BEHAVIOR ] Run Closure @app_init [ RunTime:0.002399s ]
[ 2021-01-23T17:56:30+08:00 ][ info ] [ DB ] INIT mysql
[ 2021-01-23T17:56:30+08:00 ][ info ] [ LANG ] D:\workspace\php\admin\application\admin\lang/zh-cn.php
[ 2021-01-23T17:56:43+08:00 ][ info ] [ BEHAVIOR ] Run Closure @app_init [ RunTime:0.000208s ]
[ info ] [ LOG ] INIT File
[ 2021-01-23T17:56:43+08:00 ][ info ] [ CACHE ] INIT File
[ 2021-01-23T17:56:43+08:00 ][ info ] [ BEHAVIOR ] Run Closure @app_init [ RunTime:0.001962s ]
[ 2021-01-23T17:56:43+08:00 ][ info ] [ DB ] INIT mysql
[ 2021-01-23T17:56:43+08:00 ][ info ] [ BEHAVIOR ] Run Closure @app_init [ RunTime:0.000159s ]
[ info ] [ LOG ] INIT File
[ 2021-01-23T17:56:43+08:00 ][ info ] [ CACHE ] INIT File
[ 2021-01-23T17:56:43+08:00 ][ info ] [ BEHAVIOR ] Run Closure @app_init [ RunTime:0.002202s ]
[ 2021-01-23T17:56:43+08:00 ][ info ] [ DB ] INIT mysql
[ 2021-01-23T17:56:43+08:00 ][ info ] [ LANG ] D:\workspace\php\admin\application\admin\lang/zh-cn.php
[ 2021-01-23T17:56:54+08:00 ][ info ] [ BEHAVIOR ] Run Closure @app_init [ RunTime:0.000164s ]
[ info ] [ LOG ] INIT File
[ 2021-01-23T17:56:54+08:00 ][ info ] [ CACHE ] INIT File
[ 2021-01-23T17:56:54+08:00 ][ info ] [ BEHAVIOR ] Run Closure @app_init [ RunTime:0.001871s ]
[ 2021-01-23T17:56:54+08:00 ][ info ] [ DB ] INIT mysql
[ 2021-01-23T17:56:54+08:00 ][ info ] [ BEHAVIOR ] Run Closure @app_init [ RunTime:0.000146s ]
[ info ] [ LOG ] INIT File
[ 2021-01-23T17:56:54+08:00 ][ info ] [ CACHE ] INIT File
[ 2021-01-23T17:56:54+08:00 ][ info ] [ BEHAVIOR ] Run Closure @app_init [ RunTime:0.002847s ]
[ 2021-01-23T17:56:54+08:00 ][ info ] [ DB ] INIT mysql
[ 2021-01-23T17:56:54+08:00 ][ info ] [ LANG ] D:\workspace\php\admin\application\admin\lang/zh-cn.php
[ 2021-01-23T17:57:00+08:00 ][ info ] [ BEHAVIOR ] Run Closure @app_init [ RunTime:0.000147s ]
[ info ] [ LOG ] INIT File
[ 2021-01-23T17:57:00+08:00 ][ info ] [ CACHE ] INIT File
[ 2021-01-23T17:57:00+08:00 ][ info ] [ BEHAVIOR ] Run Closure @app_init [ RunTime:0.001828s ]
[ 2021-01-23T17:57:00+08:00 ][ info ] [ DB ] INIT mysql
[ 2021-01-23T17:57:00+08:00 ][ info ] [ BEHAVIOR ] Run Closure @app_init [ RunTime:0.000150s ]
[ info ] [ LOG ] INIT File
[ 2021-01-23T17:57:00+08:00 ][ info ] [ CACHE ] INIT File
[ 2021-01-23T17:57:00+08:00 ][ info ] [ BEHAVIOR ] Run Closure @app_init [ RunTime:0.002542s ]
[ 2021-01-23T17:57:00+08:00 ][ info ] [ DB ] INIT mysql
[ 2021-01-23T17:57:00+08:00 ][ info ] [ LANG ] D:\workspace\php\admin\application\admin\lang/zh-cn.php
[ 2021-01-23T17:57:08+08:00 ][ info ] [ BEHAVIOR ] Run Closure @app_init [ RunTime:0.000146s ]
[ info ] [ LOG ] INIT File
[ 2021-01-23T17:57:08+08:00 ][ info ] [ CACHE ] INIT File
[ 2021-01-23T17:57:08+08:00 ][ info ] [ BEHAVIOR ] Run Closure @app_init [ RunTime:0.001736s ]
[ 2021-01-23T17:57:08+08:00 ][ info ] [ DB ] INIT mysql
[ 2021-01-23T17:57:08+08:00 ][ info ] [ BEHAVIOR ] Run Closure @app_init [ RunTime:0.000148s ]
[ info ] [ LOG ] INIT File
[ 2021-01-23T17:57:08+08:00 ][ info ] [ CACHE ] INIT File
[ 2021-01-23T17:57:08+08:00 ][ info ] [ BEHAVIOR ] Run Closure @app_init [ RunTime:0.003178s ]
[ 2021-01-23T17:57:08+08:00 ][ info ] [ DB ] INIT mysql
[ 2021-01-23T17:57:08+08:00 ][ info ] [ LANG ] D:\workspace\php\admin\application\admin\lang/zh-cn.php
[ 2021-01-23T17:57:14+08:00 ][ info ] [ BEHAVIOR ] Run Closure @app_init [ RunTime:0.000173s ]
[ info ] [ LOG ] INIT File
[ 2021-01-23T17:57:14+08:00 ][ info ] [ CACHE ] INIT File
[ 2021-01-23T17:57:14+08:00 ][ info ] [ BEHAVIOR ] Run Closure @app_init [ RunTime:0.001975s ]
[ 2021-01-23T17:57:14+08:00 ][ info ] [ DB ] INIT mysql
[ 2021-01-23T17:57:14+08:00 ][ info ] [ BEHAVIOR ] Run Closure @app_init [ RunTime:0.000150s ]
[ info ] [ LOG ] INIT File
[ 2021-01-23T17:57:14+08:00 ][ info ] [ CACHE ] INIT File
[ 2021-01-23T17:57:14+08:00 ][ info ] [ BEHAVIOR ] Run Closure @app_init [ RunTime:0.001786s ]
[ 2021-01-23T17:57:14+08:00 ][ info ] [ DB ] INIT mysql
[ 2021-01-23T17:57:15+08:00 ][ info ] [ LANG ] D:\workspace\php\admin\application\admin\lang/zh-cn.php
[ 2021-01-23T17:57:20+08:00 ][ info ] [ BEHAVIOR ] Run Closure @app_init [ RunTime:0.000147s ]
[ info ] [ LOG ] INIT File
[ 2021-01-23T17:57:20+08:00 ][ info ] [ CACHE ] INIT File
[ 2021-01-23T17:57:20+08:00 ][ info ] [ BEHAVIOR ] Run Closure @app_init [ RunTime:0.001848s ]
[ 2021-01-23T17:57:20+08:00 ][ info ] [ DB ] INIT mysql
[ 2021-01-23T17:57:21+08:00 ][ info ] [ BEHAVIOR ] Run Closure @app_init [ RunTime:0.000149s ]
[ info ] [ LOG ] INIT File
[ 2021-01-23T17:57:21+08:00 ][ info ] [ CACHE ] INIT File
[ 2021-01-23T17:57:21+08:00 ][ info ] [ BEHAVIOR ] Run Closure @app_init [ RunTime:0.001812s ]
[ 2021-01-23T17:57:21+08:00 ][ info ] [ DB ] INIT mysql
[ 2021-01-23T17:57:21+08:00 ][ info ] [ LANG ] D:\workspace\php\admin\application\admin\lang/zh-cn.php
[ 2021-01-23T17:57:29+08:00 ][ info ] [ BEHAVIOR ] Run Closure @app_init [ RunTime:0.000179s ]
[ info ] [ LOG ] INIT File
[ 2021-01-23T17:57:29+08:00 ][ info ] [ CACHE ] INIT File
[ 2021-01-23T17:57:29+08:00 ][ info ] [ BEHAVIOR ] Run Closure @app_init [ RunTime:0.002660s ]
[ 2021-01-23T17:57:29+08:00 ][ info ] [ DB ] INIT mysql
[ 2021-01-23T17:57:29+08:00 ][ info ] [ BEHAVIOR ] Run Closure @app_init [ RunTime:0.000144s ]
[ info ] [ LOG ] INIT File
[ 2021-01-23T17:57:29+08:00 ][ info ] [ CACHE ] INIT File
[ 2021-01-23T17:57:29+08:00 ][ info ] [ BEHAVIOR ] Run Closure @app_init [ RunTime:0.001647s ]
[ 2021-01-23T17:57:29+08:00 ][ info ] [ DB ] INIT mysql
[ 2021-01-23T17:57:29+08:00 ][ info ] [ LANG ] D:\workspace\php\admin\application\admin\lang/zh-cn.php
[ 2021-01-23T17:57:40+08:00 ][ info ] [ BEHAVIOR ] Run Closure @app_init [ RunTime:0.000146s ]
[ info ] [ LOG ] INIT File
[ 2021-01-23T17:57:40+08:00 ][ info ] [ CACHE ] INIT File
[ 2021-01-23T17:57:40+08:00 ][ info ] [ BEHAVIOR ] Run Closure @app_init [ RunTime:0.001841s ]
[ 2021-01-23T17:57:40+08:00 ][ info ] [ DB ] INIT mysql
[ 2021-01-23T17:57:40+08:00 ][ info ] [ BEHAVIOR ] Run Closure @app_init [ RunTime:0.000231s ]
[ info ] [ LOG ] INIT File
[ 2021-01-23T17:57:40+08:00 ][ info ] [ CACHE ] INIT File
[ 2021-01-23T17:57:40+08:00 ][ info ] [ BEHAVIOR ] Run Closure @app_init [ RunTime:0.001983s ]
[ 2021-01-23T17:57:40+08:00 ][ info ] [ DB ] INIT mysql
[ 2021-01-23T17:57:40+08:00 ][ info ] [ LANG ] D:\workspace\php\admin\application\admin\lang/zh-cn.php
