---------------------------------------------------------------
[ 2021-01-27T22:23:25+08:00 ] 127.0.0.1 GET local.admin.cn/favicon.ico
[运行时间：0.111789s] [吞吐率：8.95req/s] [内存消耗：1,988.84kb] [文件加载：111]
[ info ] [ BEHAVIOR ] Run Closure @app_init [ RunTime:0.006338s ]
[ info ] [ CACHE ] INIT File
[ info ] [ BEHAVIOR ] Run Closure @app_init [ RunTime:0.005962s ]
[ info ] [ LANG ] D:\workspace\php\admin\thinkphp\lang\zh-cn.php
[ info ] [ BEHAVIOR ] Run app\common\behavior\Common @app_dispatch [ RunTime:0.002179s ]
[ info ] [ ROUTE ] array (
  'type' => 'module',
  'module' => 
  array (
    0 => 'favicon.ico',
    1 => NULL,
    2 => NULL,
  ),
)
[ info ] [ HEADER ] array (
  'accept-language' => 'zh-CN,zh;q=0.9',
  'accept-encoding' => 'gzip, deflate',
  'referer' => 'http://local.admin.cn/test.php',
  'accept' => 'image/avif,image/webp,image/apng,image/*,*/*;q=0.8',
  'user-agent' => 'Mozilla/5.0 (Windows NT 10.0; Win64; x64) AppleWebKit/537.36 (KHTML, like Gecko) Chrome/87.0.4280.141 Safari/537.36',
  'connection' => 'keep-alive',
  'host' => 'local.admin.cn',
  'content-length' => '',
  'content-type' => '',
)
[ info ] [ PARAM ] array (
)
[ info ] [ LOG ] INIT File
---------------------------------------------------------------
[ 2021-01-27T22:26:09+08:00 ] 127.0.0.1 GET local.admin.cn/favicon.ico
[运行时间：0.035623s] [吞吐率：28.07req/s] [内存消耗：1,988.85kb] [文件加载：111]
[ info ] [ BEHAVIOR ] Run Closure @app_init [ RunTime:0.000017s ]
[ info ] [ CACHE ] INIT File
[ info ] [ BEHAVIOR ] Run Closure @app_init [ RunTime:0.002054s ]
[ info ] [ LANG ] D:\workspace\php\admin\thinkphp\lang\zh-cn.php
[ info ] [ BEHAVIOR ] Run app\common\behavior\Common @app_dispatch [ RunTime:0.000407s ]
[ info ] [ ROUTE ] array (
  'type' => 'module',
  'module' => 
  array (
    0 => 'favicon.ico',
    1 => NULL,
    2 => NULL,
  ),
)
[ info ] [ HEADER ] array (
  'accept-language' => 'zh-CN,zh;q=0.9',
  'accept-encoding' => 'gzip, deflate',
  'referer' => 'http://local.admin.cn/test.php',
  'accept' => 'image/avif,image/webp,image/apng,image/*,*/*;q=0.8',
  'user-agent' => 'Mozilla/5.0 (Windows NT 10.0; Win64; x64) AppleWebKit/537.36 (KHTML, like Gecko) Chrome/87.0.4280.141 Safari/537.36',
  'connection' => 'keep-alive',
  'host' => 'local.admin.cn',
  'content-length' => '',
  'content-type' => '',
)
[ info ] [ PARAM ] array (
)
[ info ] [ LOG ] INIT File
---------------------------------------------------------------
[ 2021-01-27T23:19:07+08:00 ] 127.0.0.1 GET local.admin.cn/uqtRBPDrli.php/dashboard?ref=addtabs
[运行时间：0.131758s] [吞吐率：7.59req/s] [内存消耗：2,825.78kb] [文件加载：126]
[ info ] [ BEHAVIOR ] Run Closure @app_init [ RunTime:0.000893s ]
[ info ] [ CACHE ] INIT File
[ info ] [ BEHAVIOR ] Run Closure @app_init [ RunTime:0.002775s ]
[ info ] [ LANG ] D:\workspace\php\admin\thinkphp\lang\zh-cn.php
[ info ] [ BEHAVIOR ] Run app\common\behavior\Common @app_dispatch [ RunTime:0.000619s ]
[ info ] [ ROUTE ] array (
  'type' => 'module',
  'module' => 
  array (
    0 => 'admin',
    1 => 'dashboard',
    2 => NULL,
  ),
)
[ info ] [ HEADER ] array (
  'accept-language' => 'zh-CN,zh;q=0.9',
  'accept-encoding' => 'gzip, deflate',
  'accept' => 'text/html,application/xhtml+xml,application/xml;q=0.9,image/avif,image/webp,image/apng,*/*;q=0.8,application/signed-exchange;v=b3;q=0.9',
  'user-agent' => 'Mozilla/5.0 (Windows NT 10.0; Win64; x64) AppleWebKit/537.36 (KHTML, like Gecko) Chrome/87.0.4280.141 Safari/537.36',
  'upgrade-insecure-requests' => '1',
  'connection' => 'keep-alive',
  'host' => 'local.admin.cn',
  'content-length' => '',
  'content-type' => '',
)
[ info ] [ PARAM ] array (
  'ref' => 'addtabs',
)
[ info ] [ LANG ] D:\workspace\php\admin\public/../application/admin\lang\zh-cn.php
[ info ] [ BEHAVIOR ] Run app\common\behavior\Common @module_init [ RunTime:0.003961s ]
[ info ] [ SESSION ] INIT array (
  'id' => '',
  'var_session_id' => '',
  'prefix' => 'think',
  'type' => '',
  'auto_start' => true,
)
[ info ] [ VIEW ] D:\workspace\php\admin\public/../application/common\view\tpl\dispatch_jump.tpl [ array (
  0 => 'code',
  1 => 'msg',
  2 => 'data',
  3 => 'url',
  4 => 'wait',
) ]
[ info ] [ BEHAVIOR ] Run app\admin\behavior\AdminLog @app_end [ RunTime:0.000391s ]
[ info ] [ LOG ] INIT File
---------------------------------------------------------------
[ 2021-01-27T23:19:09+08:00 ] 127.0.0.1 GET local.admin.cn/uqtRBPDrli.php/index/login?url=%2FuqtRBPDrli.php%2Fdashboard%3Fref%3Daddtabs
[运行时间：0.066136s] [吞吐率：15.12req/s] [内存消耗：3,147.54kb] [文件加载：129]
[ info ] [ BEHAVIOR ] Run Closure @app_init [ RunTime:0.000718s ]
[ info ] [ CACHE ] INIT File
[ info ] [ BEHAVIOR ] Run Closure @app_init [ RunTime:0.002500s ]
[ info ] [ LANG ] D:\workspace\php\admin\thinkphp\lang\zh-cn.php
[ info ] [ BEHAVIOR ] Run app\common\behavior\Common @app_dispatch [ RunTime:0.000380s ]
[ info ] [ ROUTE ] array (
  'type' => 'module',
  'module' => 
  array (
    0 => 'admin',
    1 => 'index',
    2 => 'login',
  ),
)
[ info ] [ HEADER ] array (
  'cookie' => 'PHPSESSID=70ui7qc87rt8nr0h6rsivj3il7',
  'accept-language' => 'zh-CN,zh;q=0.9',
  'accept-encoding' => 'gzip, deflate',
  'referer' => 'http://local.admin.cn/uqtRBPDrli.php/dashboard?ref=addtabs',
  'accept' => 'text/html,application/xhtml+xml,application/xml;q=0.9,image/avif,image/webp,image/apng,*/*;q=0.8,application/signed-exchange;v=b3;q=0.9',
  'user-agent' => 'Mozilla/5.0 (Windows NT 10.0; Win64; x64) AppleWebKit/537.36 (KHTML, like Gecko) Chrome/87.0.4280.141 Safari/537.36',
  'upgrade-insecure-requests' => '1',
  'connection' => 'keep-alive',
  'host' => 'local.admin.cn',
  'content-length' => '',
  'content-type' => '',
)
[ info ] [ PARAM ] array (
  'url' => '/uqtRBPDrli.php/dashboard?ref=addtabs',
)
[ info ] [ LANG ] D:\workspace\php\admin\public/../application/admin\lang\zh-cn.php
[ info ] [ BEHAVIOR ] Run app\common\behavior\Common @module_init [ RunTime:0.001129s ]
[ info ] [ SESSION ] INIT array (
  'id' => '',
  'var_session_id' => '',
  'prefix' => 'think',
  'type' => '',
  'auto_start' => true,
)
[ info ] [ LANG ] D:\workspace\php\admin\public/../application/admin/lang/zh-cn/index.php
[ info ] [ RUN ] app\admin\controller\Index->login[ D:\workspace\php\admin\application\admin\controller\Index.php ]
[ info ] [ VIEW ] D:\workspace\php\admin\public/../application/admin\view\index\login.html [ array (
  0 => 'breadcrumb',
  1 => 'site',
  2 => 'config',
  3 => 'auth',
  4 => 'admin',
  5 => 'background',
  6 => 'title',
) ]
[ info ] [ BEHAVIOR ] Run app\admin\behavior\AdminLog @app_end [ RunTime:0.000211s ]
[ info ] [ LOG ] INIT File
---------------------------------------------------------------
[ 2021-01-27T23:19:09+08:00 ] 127.0.0.1 GET local.admin.cn/index.php?s=/captcha
[运行时间：0.042593s] [吞吐率：23.48req/s] [内存消耗：2,028.22kb] [文件加载：110]
[ info ] [ BEHAVIOR ] Run Closure @app_init [ RunTime:0.000027s ]
[ info ] [ CACHE ] INIT File
[ info ] [ BEHAVIOR ] Run Closure @app_init [ RunTime:0.001686s ]
[ info ] [ LANG ] D:\workspace\php\admin\thinkphp\lang\zh-cn.php
[ info ] [ BEHAVIOR ] Run app\common\behavior\Common @app_dispatch [ RunTime:0.000252s ]
[ info ] [ ROUTE ] array (
  'type' => 'method',
  'method' => 
  array (
    0 => '\\think\\captcha\\CaptchaController',
    1 => 'index',
  ),
  'var' => 
  array (
  ),
)
[ info ] [ HEADER ] array (
  'cookie' => 'PHPSESSID=70ui7qc87rt8nr0h6rsivj3il7',
  'accept-language' => 'zh-CN,zh;q=0.9',
  'accept-encoding' => 'gzip, deflate',
  'accept' => 'image/avif,image/webp,image/apng,image/*,*/*;q=0.8',
  'user-agent' => 'Mozilla/5.0 (Windows NT 10.0; Win64; x64) AppleWebKit/537.36 (KHTML, like Gecko) Chrome/87.0.4280.141 Safari/537.36',
  'connection' => 'keep-alive',
  'host' => 'local.admin.cn',
  'content-length' => '',
  'content-type' => '',
)
[ info ] [ PARAM ] array (
  'id' => NULL,
)
[ info ] [ RUN ] think\captcha\CaptchaController->index[ D:\workspace\php\admin\vendor\topthink\think-captcha\src\CaptchaController.php ]
[ info ] [ SESSION ] INIT array (
  'id' => '',
  'var_session_id' => '',
  'prefix' => 'think',
  'type' => '',
  'auto_start' => true,
)
[ info ] [ LOG ] INIT File
---------------------------------------------------------------
[ 2021-01-27T23:19:09+08:00 ] 127.0.0.1 GET local.admin.cn/uqtRBPDrli.php/ajax/lang?callback=define&controllername=index&lang=zh-cn&v=1611760749&v=1611760749
[运行时间：0.039221s] [吞吐率：25.50req/s] [内存消耗：3,163.80kb] [文件加载：130]
[ info ] [ BEHAVIOR ] Run Closure @app_init [ RunTime:0.000017s ]
[ info ] [ CACHE ] INIT File
[ info ] [ BEHAVIOR ] Run Closure @app_init [ RunTime:0.001376s ]
[ info ] [ LANG ] D:\workspace\php\admin\thinkphp\lang\zh-cn.php
[ info ] [ BEHAVIOR ] Run app\common\behavior\Common @app_dispatch [ RunTime:0.000229s ]
[ info ] [ ROUTE ] array (
  'type' => 'module',
  'module' => 
  array (
    0 => 'admin',
    1 => 'ajax',
    2 => 'lang',
  ),
)
[ info ] [ HEADER ] array (
  'cookie' => 'PHPSESSID=70ui7qc87rt8nr0h6rsivj3il7',
  'accept-language' => 'zh-CN,zh;q=0.9',
  'accept-encoding' => 'gzip, deflate',
  'accept' => '*/*',
  'user-agent' => 'Mozilla/5.0 (Windows NT 10.0; Win64; x64) AppleWebKit/537.36 (KHTML, like Gecko) Chrome/87.0.4280.141 Safari/537.36',
  'connection' => 'keep-alive',
  'host' => 'local.admin.cn',
  'content-length' => '',
  'content-type' => '',
)
[ info ] [ PARAM ] array (
  'callback' => 'define',
  'controllername' => 'index',
  'lang' => 'zh-cn',
  'v' => '1611760749',
)
[ info ] [ LANG ] D:\workspace\php\admin\public/../application/admin\lang\zh-cn.php
[ info ] [ BEHAVIOR ] Run app\common\behavior\Common @module_init [ RunTime:0.001328s ]
[ info ] [ SESSION ] INIT array (
  'id' => '',
  'var_session_id' => '',
  'prefix' => 'think',
  'type' => '',
  'auto_start' => true,
)
[ info ] [ LANG ] D:\workspace\php\admin\public/../application/admin/lang/zh-cn/ajax.php
[ info ] [ RUN ] app\admin\controller\Ajax->lang[ D:\workspace\php\admin\application\admin\controller\Ajax.php ]
[ info ] [ LANG ] D:\workspace\php\admin\public/../application/admin/lang/zh-cn/index.php
[ info ] [ BEHAVIOR ] Run app\admin\behavior\AdminLog @app_end [ RunTime:0.000125s ]
[ info ] [ LOG ] INIT File
---------------------------------------------------------------
[ 2021-01-27T23:19:14+08:00 ] 127.0.0.1 POST local.admin.cn/uqtRBPDrli.php/index/login?url=%2FuqtRBPDrli.php%2Fdashboard%3Fref%3Daddtabs
[运行时间：0.086477s] [吞吐率：11.56req/s] [内存消耗：4,067.14kb] [文件加载：137]
[ info ] [ BEHAVIOR ] Run Closure @app_init [ RunTime:0.000013s ]
[ info ] [ CACHE ] INIT File
[ info ] [ BEHAVIOR ] Run Closure @app_init [ RunTime:0.001241s ]
[ info ] [ LANG ] D:\workspace\php\admin\thinkphp\lang\zh-cn.php
[ info ] [ BEHAVIOR ] Run app\common\behavior\Common @app_dispatch [ RunTime:0.000186s ]
[ info ] [ ROUTE ] array (
  'type' => 'module',
  'module' => 
  array (
    0 => 'admin',
    1 => 'index',
    2 => 'login',
  ),
)
[ info ] [ HEADER ] array (
  'cookie' => 'PHPSESSID=70ui7qc87rt8nr0h6rsivj3il7; think_var=zh-cn',
  'accept-language' => 'zh-CN,zh;q=0.9',
  'accept-encoding' => 'gzip, deflate',
  'origin' => 'http://local.admin.cn',
  'content-type' => 'application/x-www-form-urlencoded; charset=UTF-8',
  'user-agent' => 'Mozilla/5.0 (Windows NT 10.0; Win64; x64) AppleWebKit/537.36 (KHTML, like Gecko) Chrome/87.0.4280.141 Safari/537.36',
  'x-requested-with' => 'XMLHttpRequest',
  'accept' => 'application/json, text/javascript, */*; q=0.01',
  'content-length' => '88',
  'connection' => 'keep-alive',
  'host' => 'local.admin.cn',
)
[ info ] [ PARAM ] array (
  'url' => '/uqtRBPDrli.php/dashboard?ref=addtabs',
  '__token__' => 'a269625d3495d239c94dcf616975d967',
  'username' => 'admin',
  'password' => '12345678',
  'captcha' => 'nudp',
)
[ info ] [ LANG ] D:\workspace\php\admin\public/../application/admin\lang\zh-cn.php
[ info ] [ BEHAVIOR ] Run app\common\behavior\Common @module_init [ RunTime:0.001722s ]
[ info ] [ SESSION ] INIT array (
  'id' => '',
  'var_session_id' => '',
  'prefix' => 'think',
  'type' => '',
  'auto_start' => true,
)
[ info ] [ LANG ] D:\workspace\php\admin\public/../application/admin/lang/zh-cn/index.php
[ info ] [ RUN ] app\admin\controller\Index->login[ D:\workspace\php\admin\application\admin\controller\Index.php ]
[ info ] [ DB ] INIT mysql
[ info ] [ BEHAVIOR ] Run app\admin\behavior\AdminLog @app_end [ RunTime:0.051136s ]
[ info ] [ LOG ] INIT File
---------------------------------------------------------------
[ 2021-01-27T23:19:14+08:00 ] 127.0.0.1 GET local.admin.cn/index.php?s=/captcha&r=0.9762267515576233
[运行时间：0.027142s] [吞吐率：36.84req/s] [内存消耗：2,028.64kb] [文件加载：110]
[ info ] [ BEHAVIOR ] Run Closure @app_init [ RunTime:0.000025s ]
[ info ] [ CACHE ] INIT File
[ info ] [ BEHAVIOR ] Run Closure @app_init [ RunTime:0.001139s ]
[ info ] [ LANG ] D:\workspace\php\admin\thinkphp\lang\zh-cn.php
[ info ] [ BEHAVIOR ] Run app\common\behavior\Common @app_dispatch [ RunTime:0.000195s ]
[ info ] [ ROUTE ] array (
  'type' => 'method',
  'method' => 
  array (
    0 => '\\think\\captcha\\CaptchaController',
    1 => 'index',
  ),
  'var' => 
  array (
  ),
)
[ info ] [ HEADER ] array (
  'cookie' => 'PHPSESSID=70ui7qc87rt8nr0h6rsivj3il7; think_var=zh-cn',
  'accept-language' => 'zh-CN,zh;q=0.9',
  'accept-encoding' => 'gzip, deflate',
  'accept' => 'image/avif,image/webp,image/apng,image/*,*/*;q=0.8',
  'user-agent' => 'Mozilla/5.0 (Windows NT 10.0; Win64; x64) AppleWebKit/537.36 (KHTML, like Gecko) Chrome/87.0.4280.141 Safari/537.36',
  'connection' => 'keep-alive',
  'host' => 'local.admin.cn',
  'content-length' => '',
  'content-type' => '',
)
[ info ] [ PARAM ] array (
  'r' => '0.9762267515576233',
  'id' => NULL,
)
[ info ] [ RUN ] think\captcha\CaptchaController->index[ D:\workspace\php\admin\vendor\topthink\think-captcha\src\CaptchaController.php ]
[ info ] [ SESSION ] INIT array (
  'id' => '',
  'var_session_id' => '',
  'prefix' => 'think',
  'type' => '',
  'auto_start' => true,
)
[ info ] [ LOG ] INIT File
---------------------------------------------------------------
[ 2021-01-27T23:19:19+08:00 ] 127.0.0.1 POST local.admin.cn/uqtRBPDrli.php/index/login?url=%2FuqtRBPDrli.php%2Fdashboard%3Fref%3Daddtabs
[运行时间：0.060062s] [吞吐率：16.65req/s] [内存消耗：4,067.14kb] [文件加载：137]
[ info ] [ BEHAVIOR ] Run Closure @app_init [ RunTime:0.000017s ]
[ info ] [ CACHE ] INIT File
[ info ] [ BEHAVIOR ] Run Closure @app_init [ RunTime:0.001479s ]
[ info ] [ LANG ] D:\workspace\php\admin\thinkphp\lang\zh-cn.php
[ info ] [ BEHAVIOR ] Run app\common\behavior\Common @app_dispatch [ RunTime:0.000200s ]
[ info ] [ ROUTE ] array (
  'type' => 'module',
  'module' => 
  array (
    0 => 'admin',
    1 => 'index',
    2 => 'login',
  ),
)
[ info ] [ HEADER ] array (
  'cookie' => 'PHPSESSID=70ui7qc87rt8nr0h6rsivj3il7; think_var=zh-cn',
  'accept-language' => 'zh-CN,zh;q=0.9',
  'accept-encoding' => 'gzip, deflate',
  'origin' => 'http://local.admin.cn',
  'content-type' => 'application/x-www-form-urlencoded; charset=UTF-8',
  'user-agent' => 'Mozilla/5.0 (Windows NT 10.0; Win64; x64) AppleWebKit/537.36 (KHTML, like Gecko) Chrome/87.0.4280.141 Safari/537.36',
  'x-requested-with' => 'XMLHttpRequest',
  'accept' => 'application/json, text/javascript, */*; q=0.01',
  'content-length' => '88',
  'connection' => 'keep-alive',
  'host' => 'local.admin.cn',
)
[ info ] [ PARAM ] array (
  'url' => '/uqtRBPDrli.php/dashboard?ref=addtabs',
  '__token__' => '62093bf4f7bd1cd0e8960b2a2569a983',
  'username' => 'admin',
  'password' => '12345678',
  'captcha' => 'CMJB',
)
[ info ] [ LANG ] D:\workspace\php\admin\public/../application/admin\lang\zh-cn.php
[ info ] [ BEHAVIOR ] Run app\common\behavior\Common @module_init [ RunTime:0.000968s ]
[ info ] [ SESSION ] INIT array (
  'id' => '',
  'var_session_id' => '',
  'prefix' => 'think',
  'type' => '',
  'auto_start' => true,
)
[ info ] [ LANG ] D:\workspace\php\admin\public/../application/admin/lang/zh-cn/index.php
[ info ] [ RUN ] app\admin\controller\Index->login[ D:\workspace\php\admin\application\admin\controller\Index.php ]
[ info ] [ DB ] INIT mysql
[ info ] [ BEHAVIOR ] Run app\admin\behavior\AdminLog @app_end [ RunTime:0.026456s ]
[ info ] [ LOG ] INIT File
---------------------------------------------------------------
[ 2021-01-27T23:19:19+08:00 ] 127.0.0.1 GET local.admin.cn/index.php?s=/captcha&r=0.4239578149930292
[运行时间：0.025069s] [吞吐率：39.89req/s] [内存消耗：2,028.64kb] [文件加载：110]
[ info ] [ BEHAVIOR ] Run Closure @app_init [ RunTime:0.000041s ]
[ info ] [ CACHE ] INIT File
[ info ] [ BEHAVIOR ] Run Closure @app_init [ RunTime:0.001439s ]
[ info ] [ LANG ] D:\workspace\php\admin\thinkphp\lang\zh-cn.php
[ info ] [ BEHAVIOR ] Run app\common\behavior\Common @app_dispatch [ RunTime:0.000209s ]
[ info ] [ ROUTE ] array (
  'type' => 'method',
  'method' => 
  array (
    0 => '\\think\\captcha\\CaptchaController',
    1 => 'index',
  ),
  'var' => 
  array (
  ),
)
[ info ] [ HEADER ] array (
  'cookie' => 'PHPSESSID=70ui7qc87rt8nr0h6rsivj3il7; think_var=zh-cn',
  'accept-language' => 'zh-CN,zh;q=0.9',
  'accept-encoding' => 'gzip, deflate',
  'accept' => 'image/avif,image/webp,image/apng,image/*,*/*;q=0.8',
  'user-agent' => 'Mozilla/5.0 (Windows NT 10.0; Win64; x64) AppleWebKit/537.36 (KHTML, like Gecko) Chrome/87.0.4280.141 Safari/537.36',
  'connection' => 'keep-alive',
  'host' => 'local.admin.cn',
  'content-length' => '',
  'content-type' => '',
)
[ info ] [ PARAM ] array (
  'r' => '0.4239578149930292',
  'id' => NULL,
)
[ info ] [ RUN ] think\captcha\CaptchaController->index[ D:\workspace\php\admin\vendor\topthink\think-captcha\src\CaptchaController.php ]
[ info ] [ SESSION ] INIT array (
  'id' => '',
  'var_session_id' => '',
  'prefix' => 'think',
  'type' => '',
  'auto_start' => true,
)
[ info ] [ LOG ] INIT File
---------------------------------------------------------------
[ 2021-01-27T23:19:22+08:00 ] 127.0.0.1 GET local.admin.cn/index.php?s=/captcha&r=0.22785910182064972
[运行时间：0.022665s] [吞吐率：44.12req/s] [内存消耗：2,028.64kb] [文件加载：110]
[ info ] [ BEHAVIOR ] Run Closure @app_init [ RunTime:0.000013s ]
[ info ] [ CACHE ] INIT File
[ info ] [ BEHAVIOR ] Run Closure @app_init [ RunTime:0.001101s ]
[ info ] [ LANG ] D:\workspace\php\admin\thinkphp\lang\zh-cn.php
[ info ] [ BEHAVIOR ] Run app\common\behavior\Common @app_dispatch [ RunTime:0.000376s ]
[ info ] [ ROUTE ] array (
  'type' => 'method',
  'method' => 
  array (
    0 => '\\think\\captcha\\CaptchaController',
    1 => 'index',
  ),
  'var' => 
  array (
  ),
)
[ info ] [ HEADER ] array (
  'cookie' => 'PHPSESSID=70ui7qc87rt8nr0h6rsivj3il7; think_var=zh-cn',
  'accept-language' => 'zh-CN,zh;q=0.9',
  'accept-encoding' => 'gzip, deflate',
  'accept' => 'image/avif,image/webp,image/apng,image/*,*/*;q=0.8',
  'user-agent' => 'Mozilla/5.0 (Windows NT 10.0; Win64; x64) AppleWebKit/537.36 (KHTML, like Gecko) Chrome/87.0.4280.141 Safari/537.36',
  'connection' => 'keep-alive',
  'host' => 'local.admin.cn',
  'content-length' => '',
  'content-type' => '',
)
[ info ] [ PARAM ] array (
  'r' => '0.22785910182064972',
  'id' => NULL,
)
[ info ] [ RUN ] think\captcha\CaptchaController->index[ D:\workspace\php\admin\vendor\topthink\think-captcha\src\CaptchaController.php ]
[ info ] [ SESSION ] INIT array (
  'id' => '',
  'var_session_id' => '',
  'prefix' => 'think',
  'type' => '',
  'auto_start' => true,
)
[ info ] [ LOG ] INIT File
---------------------------------------------------------------
[ 2021-01-27T23:19:25+08:00 ] 127.0.0.1 POST local.admin.cn/uqtRBPDrli.php/index/login?url=%2FuqtRBPDrli.php%2Fdashboard%3Fref%3Daddtabs
[运行时间：0.057436s] [吞吐率：17.41req/s] [内存消耗：4,067.14kb] [文件加载：137]
[ info ] [ BEHAVIOR ] Run Closure @app_init [ RunTime:0.000018s ]
[ info ] [ CACHE ] INIT File
[ info ] [ BEHAVIOR ] Run Closure @app_init [ RunTime:0.001133s ]
[ info ] [ LANG ] D:\workspace\php\admin\thinkphp\lang\zh-cn.php
[ info ] [ BEHAVIOR ] Run app\common\behavior\Common @app_dispatch [ RunTime:0.000199s ]
[ info ] [ ROUTE ] array (
  'type' => 'module',
  'module' => 
  array (
    0 => 'admin',
    1 => 'index',
    2 => 'login',
  ),
)
[ info ] [ HEADER ] array (
  'cookie' => 'PHPSESSID=70ui7qc87rt8nr0h6rsivj3il7; think_var=zh-cn',
  'accept-language' => 'zh-CN,zh;q=0.9',
  'accept-encoding' => 'gzip, deflate',
  'origin' => 'http://local.admin.cn',
  'content-type' => 'application/x-www-form-urlencoded; charset=UTF-8',
  'user-agent' => 'Mozilla/5.0 (Windows NT 10.0; Win64; x64) AppleWebKit/537.36 (KHTML, like Gecko) Chrome/87.0.4280.141 Safari/537.36',
  'x-requested-with' => 'XMLHttpRequest',
  'accept' => 'application/json, text/javascript, */*; q=0.01',
  'content-length' => '88',
  'connection' => 'keep-alive',
  'host' => 'local.admin.cn',
)
[ info ] [ PARAM ] array (
  'url' => '/uqtRBPDrli.php/dashboard?ref=addtabs',
  '__token__' => 'c90355284b07480b5bcdee48af1a8964',
  'username' => 'admin',
  'password' => '12345678',
  'captcha' => 'HVGI',
)
[ info ] [ LANG ] D:\workspace\php\admin\public/../application/admin\lang\zh-cn.php
[ info ] [ BEHAVIOR ] Run app\common\behavior\Common @module_init [ RunTime:0.000986s ]
[ info ] [ SESSION ] INIT array (
  'id' => '',
  'var_session_id' => '',
  'prefix' => 'think',
  'type' => '',
  'auto_start' => true,
)
[ info ] [ LANG ] D:\workspace\php\admin\public/../application/admin/lang/zh-cn/index.php
[ info ] [ RUN ] app\admin\controller\Index->login[ D:\workspace\php\admin\application\admin\controller\Index.php ]
[ info ] [ DB ] INIT mysql
[ info ] [ BEHAVIOR ] Run app\admin\behavior\AdminLog @app_end [ RunTime:0.021710s ]
[ info ] [ LOG ] INIT File
---------------------------------------------------------------
[ 2021-01-27T23:19:25+08:00 ] 127.0.0.1 GET local.admin.cn/index.php?s=/captcha&r=0.3240594883268235
[运行时间：0.024040s] [吞吐率：41.60req/s] [内存消耗：2,028.64kb] [文件加载：110]
[ info ] [ BEHAVIOR ] Run Closure @app_init [ RunTime:0.000013s ]
[ info ] [ CACHE ] INIT File
[ info ] [ BEHAVIOR ] Run Closure @app_init [ RunTime:0.001050s ]
[ info ] [ LANG ] D:\workspace\php\admin\thinkphp\lang\zh-cn.php
[ info ] [ BEHAVIOR ] Run app\common\behavior\Common @app_dispatch [ RunTime:0.000186s ]
[ info ] [ ROUTE ] array (
  'type' => 'method',
  'method' => 
  array (
    0 => '\\think\\captcha\\CaptchaController',
    1 => 'index',
  ),
  'var' => 
  array (
  ),
)
[ info ] [ HEADER ] array (
  'cookie' => 'PHPSESSID=70ui7qc87rt8nr0h6rsivj3il7; think_var=zh-cn',
  'accept-language' => 'zh-CN,zh;q=0.9',
  'accept-encoding' => 'gzip, deflate',
  'accept' => 'image/avif,image/webp,image/apng,image/*,*/*;q=0.8',
  'user-agent' => 'Mozilla/5.0 (Windows NT 10.0; Win64; x64) AppleWebKit/537.36 (KHTML, like Gecko) Chrome/87.0.4280.141 Safari/537.36',
  'connection' => 'keep-alive',
  'host' => 'local.admin.cn',
  'content-length' => '',
  'content-type' => '',
)
[ info ] [ PARAM ] array (
  'r' => '0.3240594883268235',
  'id' => NULL,
)
[ info ] [ RUN ] think\captcha\CaptchaController->index[ D:\workspace\php\admin\vendor\topthink\think-captcha\src\CaptchaController.php ]
[ info ] [ SESSION ] INIT array (
  'id' => '',
  'var_session_id' => '',
  'prefix' => 'think',
  'type' => '',
  'auto_start' => true,
)
[ info ] [ LOG ] INIT File
---------------------------------------------------------------
[ 2021-01-27T23:19:29+08:00 ] 127.0.0.1 POST local.admin.cn/uqtRBPDrli.php/index/login?url=%2FuqtRBPDrli.php%2Fdashboard%3Fref%3Daddtabs
[运行时间：0.074059s] [吞吐率：13.50req/s] [内存消耗：4,103.66kb] [文件加载：139]
[ info ] [ BEHAVIOR ] Run Closure @app_init [ RunTime:0.000013s ]
[ info ] [ CACHE ] INIT File
[ info ] [ BEHAVIOR ] Run Closure @app_init [ RunTime:0.001220s ]
[ info ] [ LANG ] D:\workspace\php\admin\thinkphp\lang\zh-cn.php
[ info ] [ BEHAVIOR ] Run app\common\behavior\Common @app_dispatch [ RunTime:0.000290s ]
[ info ] [ ROUTE ] array (
  'type' => 'module',
  'module' => 
  array (
    0 => 'admin',
    1 => 'index',
    2 => 'login',
  ),
)
[ info ] [ HEADER ] array (
  'cookie' => 'PHPSESSID=70ui7qc87rt8nr0h6rsivj3il7; think_var=zh-cn',
  'accept-language' => 'zh-CN,zh;q=0.9',
  'accept-encoding' => 'gzip, deflate',
  'origin' => 'http://local.admin.cn',
  'content-type' => 'application/x-www-form-urlencoded; charset=UTF-8',
  'user-agent' => 'Mozilla/5.0 (Windows NT 10.0; Win64; x64) AppleWebKit/537.36 (KHTML, like Gecko) Chrome/87.0.4280.141 Safari/537.36',
  'x-requested-with' => 'XMLHttpRequest',
  'accept' => 'application/json, text/javascript, */*; q=0.01',
  'content-length' => '88',
  'connection' => 'keep-alive',
  'host' => 'local.admin.cn',
)
[ info ] [ PARAM ] array (
  'url' => '/uqtRBPDrli.php/dashboard?ref=addtabs',
  '__token__' => '8c31f27d3f2875753a8527a469382e3c',
  'username' => 'admin',
  'password' => '12345678',
  'captcha' => 'YNDY',
)
[ info ] [ LANG ] D:\workspace\php\admin\public/../application/admin\lang\zh-cn.php
[ info ] [ BEHAVIOR ] Run app\common\behavior\Common @module_init [ RunTime:0.000947s ]
[ info ] [ SESSION ] INIT array (
  'id' => '',
  'var_session_id' => '',
  'prefix' => 'think',
  'type' => '',
  'auto_start' => true,
)
[ info ] [ LANG ] D:\workspace\php\admin\public/../application/admin/lang/zh-cn/index.php
[ info ] [ RUN ] app\admin\controller\Index->login[ D:\workspace\php\admin\application\admin\controller\Index.php ]
[ info ] [ DB ] INIT mysql
[ info ] [ BEHAVIOR ] Run app\admin\behavior\AdminLog @app_end [ RunTime:0.006719s ]
[ info ] [ LOG ] INIT File
---------------------------------------------------------------
[ 2021-01-27T23:19:29+08:00 ] 127.0.0.1 GET local.admin.cn/uqtRBPDrli.php/dashboard?ref=addtabs
[运行时间：0.061439s] [吞吐率：16.28req/s] [内存消耗：3,876.48kb] [文件加载：133]
[ info ] [ BEHAVIOR ] Run Closure @app_init [ RunTime:0.000014s ]
[ info ] [ CACHE ] INIT File
[ info ] [ BEHAVIOR ] Run Closure @app_init [ RunTime:0.001062s ]
[ info ] [ LANG ] D:\workspace\php\admin\thinkphp\lang\zh-cn.php
[ info ] [ BEHAVIOR ] Run app\common\behavior\Common @app_dispatch [ RunTime:0.000230s ]
[ info ] [ ROUTE ] array (
  'type' => 'module',
  'module' => 
  array (
    0 => 'admin',
    1 => 'dashboard',
    2 => NULL,
  ),
)
[ info ] [ HEADER ] array (
  'cookie' => 'PHPSESSID=70ui7qc87rt8nr0h6rsivj3il7; think_var=zh-cn',
  'accept-language' => 'zh-CN,zh;q=0.9',
  'accept-encoding' => 'gzip, deflate',
  'accept' => 'text/html,application/xhtml+xml,application/xml;q=0.9,image/avif,image/webp,image/apng,*/*;q=0.8,application/signed-exchange;v=b3;q=0.9',
  'user-agent' => 'Mozilla/5.0 (Windows NT 10.0; Win64; x64) AppleWebKit/537.36 (KHTML, like Gecko) Chrome/87.0.4280.141 Safari/537.36',
  'upgrade-insecure-requests' => '1',
  'connection' => 'keep-alive',
  'host' => 'local.admin.cn',
  'content-length' => '',
  'content-type' => '',
)
[ info ] [ PARAM ] array (
  'ref' => 'addtabs',
)
[ info ] [ LANG ] D:\workspace\php\admin\public/../application/admin\lang\zh-cn.php
[ info ] [ BEHAVIOR ] Run app\common\behavior\Common @module_init [ RunTime:0.000924s ]
[ info ] [ SESSION ] INIT array (
  'id' => '',
  'var_session_id' => '',
  'prefix' => 'think',
  'type' => '',
  'auto_start' => true,
)
[ info ] [ DB ] INIT mysql
[ info ] [ BEHAVIOR ] Run app\admin\behavior\AdminLog @app_end [ RunTime:0.000106s ]
[ info ] [ LOG ] INIT File
---------------------------------------------------------------
[ 2021-01-27T23:19:29+08:00 ] 127.0.0.1 GET local.admin.cn/uqtRBPDrli.php/index/index
[运行时间：0.126009s] [吞吐率：7.94req/s] [内存消耗：4,471.35kb] [文件加载：148]
[ info ] [ BEHAVIOR ] Run Closure @app_init [ RunTime:0.000241s ]
[ info ] [ CACHE ] INIT File
[ info ] [ BEHAVIOR ] Run Closure @app_init [ RunTime:0.001716s ]
[ info ] [ LANG ] D:\workspace\php\admin\thinkphp\lang\zh-cn.php
[ info ] [ BEHAVIOR ] Run app\common\behavior\Common @app_dispatch [ RunTime:0.000196s ]
[ info ] [ ROUTE ] array (
  'type' => 'module',
  'module' => 
  array (
    0 => 'admin',
    1 => 'index',
    2 => 'index',
  ),
)
[ info ] [ HEADER ] array (
  'cookie' => 'PHPSESSID=70ui7qc87rt8nr0h6rsivj3il7; think_var=zh-cn',
  'accept-language' => 'zh-CN,zh;q=0.9',
  'accept-encoding' => 'gzip, deflate',
  'accept' => 'text/html,application/xhtml+xml,application/xml;q=0.9,image/avif,image/webp,image/apng,*/*;q=0.8,application/signed-exchange;v=b3;q=0.9',
  'user-agent' => 'Mozilla/5.0 (Windows NT 10.0; Win64; x64) AppleWebKit/537.36 (KHTML, like Gecko) Chrome/87.0.4280.141 Safari/537.36',
  'upgrade-insecure-requests' => '1',
  'connection' => 'keep-alive',
  'host' => 'local.admin.cn',
  'content-length' => '',
  'content-type' => '',
)
[ info ] [ PARAM ] array (
)
[ info ] [ LANG ] D:\workspace\php\admin\public/../application/admin\lang\zh-cn.php
[ info ] [ BEHAVIOR ] Run app\common\behavior\Common @module_init [ RunTime:0.001588s ]
[ info ] [ SESSION ] INIT array (
  'id' => '',
  'var_session_id' => '',
  'prefix' => 'think',
  'type' => '',
  'auto_start' => true,
)
[ info ] [ LANG ] D:\workspace\php\admin\public/../application/admin/lang/zh-cn/index.php
[ info ] [ RUN ] app\admin\controller\Index->index[ D:\workspace\php\admin\application\admin\controller\Index.php ]
[ info ] [ DB ] INIT mysql
[ info ] [ VIEW ] D:\workspace\php\admin\public/../application/admin\view\index\index.html [ array (
  0 => 'breadcrumb',
  1 => 'site',
  2 => 'config',
  3 => 'auth',
  4 => 'admin',
  5 => 'menulist',
  6 => 'navlist',
  7 => 'fixedmenu',
  8 => 'referermenu',
  9 => 'title',
) ]
[ info ] [ BEHAVIOR ] Run app\admin\behavior\AdminLog @app_end [ RunTime:0.000254s ]
[ info ] [ LOG ] INIT File
---------------------------------------------------------------
[ 2021-01-27T23:19:29+08:00 ] 127.0.0.1 GET local.admin.cn/uqtRBPDrli.php/dashboard?addtabs=1
[运行时间：0.048590s] [吞吐率：20.58req/s] [内存消耗：4,201.45kb] [文件加载：137]
[ info ] [ BEHAVIOR ] Run Closure @app_init [ RunTime:0.000018s ]
[ info ] [ CACHE ] INIT File
[ info ] [ BEHAVIOR ] Run Closure @app_init [ RunTime:0.001143s ]
[ info ] [ LANG ] D:\workspace\php\admin\thinkphp\lang\zh-cn.php
[ info ] [ BEHAVIOR ] Run app\common\behavior\Common @app_dispatch [ RunTime:0.000230s ]
[ info ] [ ROUTE ] array (
  'type' => 'module',
  'module' => 
  array (
    0 => 'admin',
    1 => 'dashboard',
    2 => NULL,
  ),
)
[ info ] [ HEADER ] array (
  'cookie' => 'PHPSESSID=70ui7qc87rt8nr0h6rsivj3il7; think_var=zh-cn',
  'accept-language' => 'zh-CN,zh;q=0.9',
  'accept-encoding' => 'gzip, deflate',
  'accept' => 'text/html,application/xhtml+xml,application/xml;q=0.9,image/avif,image/webp,image/apng,*/*;q=0.8,application/signed-exchange;v=b3;q=0.9',
  'user-agent' => 'Mozilla/5.0 (Windows NT 10.0; Win64; x64) AppleWebKit/537.36 (KHTML, like Gecko) Chrome/87.0.4280.141 Safari/537.36',
  'upgrade-insecure-requests' => '1',
  'connection' => 'keep-alive',
  'host' => 'local.admin.cn',
  'content-length' => '',
  'content-type' => '',
)
[ info ] [ PARAM ] array (
  'addtabs' => '1',
)
[ info ] [ LANG ] D:\workspace\php\admin\public/../application/admin\lang\zh-cn.php
[ info ] [ BEHAVIOR ] Run app\common\behavior\Common @module_init [ RunTime:0.001029s ]
[ info ] [ SESSION ] INIT array (
  'id' => '',
  'var_session_id' => '',
  'prefix' => 'think',
  'type' => '',
  'auto_start' => true,
)
[ info ] [ DB ] INIT mysql
[ info ] [ LANG ] D:\workspace\php\admin\public/../application/admin/lang/zh-cn/dashboard.php
[ info ] [ RUN ] app\admin\controller\Dashboard->index[ D:\workspace\php\admin\application\admin\controller\Dashboard.php ]
[ info ] [ VIEW ] D:\workspace\php\admin\public/../application/admin\view\dashboard\index.html [ array (
  0 => 'breadcrumb',
  1 => 'site',
  2 => 'config',
  3 => 'auth',
  4 => 'admin',
  5 => 'totaluser',
  6 => 'totalviews',
  7 => 'totalorder',
  8 => 'totalorderamount',
  9 => 'todayuserlogin',
  10 => 'todayusersignup',
  11 => 'todayorder',
  12 => 'unsettleorder',
  13 => 'sevendnu',
  14 => 'sevendau',
  15 => 'paylist',
  16 => 'createlist',
  17 => 'addonversion',
  18 => 'uploadmode',
) ]
[ info ] [ BEHAVIOR ] Run app\admin\behavior\AdminLog @app_end [ RunTime:0.000121s ]
[ info ] [ LOG ] INIT File
---------------------------------------------------------------
[ 2021-01-27T23:19:29+08:00 ] 127.0.0.1 GET local.admin.cn/uqtRBPDrli.php/ajax/lang?callback=define&controllername=index&lang=zh-cn&v=1611760769&v=1611760769
[运行时间：0.039254s] [吞吐率：25.48req/s] [内存消耗：3,165.23kb] [文件加载：130]
[ info ] [ BEHAVIOR ] Run Closure @app_init [ RunTime:0.000021s ]
[ info ] [ CACHE ] INIT File
[ info ] [ BEHAVIOR ] Run Closure @app_init [ RunTime:0.001230s ]
[ info ] [ LANG ] D:\workspace\php\admin\thinkphp\lang\zh-cn.php
[ info ] [ BEHAVIOR ] Run app\common\behavior\Common @app_dispatch [ RunTime:0.000219s ]
[ info ] [ ROUTE ] array (
  'type' => 'module',
  'module' => 
  array (
    0 => 'admin',
    1 => 'ajax',
    2 => 'lang',
  ),
)
[ info ] [ HEADER ] array (
  'cookie' => 'PHPSESSID=70ui7qc87rt8nr0h6rsivj3il7; think_var=zh-cn',
  'accept-language' => 'zh-CN,zh;q=0.9',
  'accept-encoding' => 'gzip, deflate',
  'accept' => '*/*',
  'user-agent' => 'Mozilla/5.0 (Windows NT 10.0; Win64; x64) AppleWebKit/537.36 (KHTML, like Gecko) Chrome/87.0.4280.141 Safari/537.36',
  'connection' => 'keep-alive',
  'host' => 'local.admin.cn',
  'content-length' => '',
  'content-type' => '',
)
[ info ] [ PARAM ] array (
  'callback' => 'define',
  'controllername' => 'index',
  'lang' => 'zh-cn',
  'v' => '1611760769',
)
[ info ] [ LANG ] D:\workspace\php\admin\public/../application/admin\lang\zh-cn.php
[ info ] [ BEHAVIOR ] Run app\common\behavior\Common @module_init [ RunTime:0.001367s ]
[ info ] [ SESSION ] INIT array (
  'id' => '',
  'var_session_id' => '',
  'prefix' => 'think',
  'type' => '',
  'auto_start' => true,
)
[ info ] [ LANG ] D:\workspace\php\admin\public/../application/admin/lang/zh-cn/ajax.php
[ info ] [ RUN ] app\admin\controller\Ajax->lang[ D:\workspace\php\admin\application\admin\controller\Ajax.php ]
[ info ] [ LANG ] D:\workspace\php\admin\public/../application/admin/lang/zh-cn/index.php
[ info ] [ BEHAVIOR ] Run app\admin\behavior\AdminLog @app_end [ RunTime:0.000116s ]
[ info ] [ LOG ] INIT File
---------------------------------------------------------------
[ 2021-01-27T23:19:29+08:00 ] 127.0.0.1 GET local.admin.cn/uqtRBPDrli.php/ajax/lang?callback=define&controllername=dashboard&lang=zh-cn&v=1611760769&v=1611760769
[运行时间：0.035941s] [吞吐率：27.82req/s] [内存消耗：3,163.56kb] [文件加载：130]
[ info ] [ BEHAVIOR ] Run Closure @app_init [ RunTime:0.000018s ]
[ info ] [ CACHE ] INIT File
[ info ] [ BEHAVIOR ] Run Closure @app_init [ RunTime:0.001103s ]
[ info ] [ LANG ] D:\workspace\php\admin\thinkphp\lang\zh-cn.php
[ info ] [ BEHAVIOR ] Run app\common\behavior\Common @app_dispatch [ RunTime:0.000202s ]
[ info ] [ ROUTE ] array (
  'type' => 'module',
  'module' => 
  array (
    0 => 'admin',
    1 => 'ajax',
    2 => 'lang',
  ),
)
[ info ] [ HEADER ] array (
  'cookie' => 'PHPSESSID=70ui7qc87rt8nr0h6rsivj3il7; think_var=zh-cn',
  'accept-language' => 'zh-CN,zh;q=0.9',
  'accept-encoding' => 'gzip, deflate',
  'accept' => '*/*',
  'user-agent' => 'Mozilla/5.0 (Windows NT 10.0; Win64; x64) AppleWebKit/537.36 (KHTML, like Gecko) Chrome/87.0.4280.141 Safari/537.36',
  'connection' => 'keep-alive',
  'host' => 'local.admin.cn',
  'content-length' => '',
  'content-type' => '',
)
[ info ] [ PARAM ] array (
  'callback' => 'define',
  'controllername' => 'dashboard',
  'lang' => 'zh-cn',
  'v' => '1611760769',
)
[ info ] [ LANG ] D:\workspace\php\admin\public/../application/admin\lang\zh-cn.php
[ info ] [ BEHAVIOR ] Run app\common\behavior\Common @module_init [ RunTime:0.002494s ]
[ info ] [ SESSION ] INIT array (
  'id' => '',
  'var_session_id' => '',
  'prefix' => 'think',
  'type' => '',
  'auto_start' => true,
)
[ info ] [ LANG ] D:\workspace\php\admin\public/../application/admin/lang/zh-cn/ajax.php
[ info ] [ RUN ] app\admin\controller\Ajax->lang[ D:\workspace\php\admin\application\admin\controller\Ajax.php ]
[ info ] [ LANG ] D:\workspace\php\admin\public/../application/admin/lang/zh-cn/dashboard.php
[ info ] [ BEHAVIOR ] Run app\admin\behavior\AdminLog @app_end [ RunTime:0.000212s ]
[ info ] [ LOG ] INIT File
---------------------------------------------------------------
[ 2021-01-27T23:19:41+08:00 ] 127.0.0.1 GET local.admin.cn/uqtRBPDrli.php/cof_message?addtabs=1
[运行时间：0.045993s] [吞吐率：21.74req/s] [内存消耗：4,121.13kb] [文件加载：136]
[ info ] [ BEHAVIOR ] Run Closure @app_init [ RunTime:0.000016s ]
[ info ] [ CACHE ] INIT File
[ info ] [ BEHAVIOR ] Run Closure @app_init [ RunTime:0.001100s ]
[ info ] [ LANG ] D:\workspace\php\admin\thinkphp\lang\zh-cn.php
[ info ] [ BEHAVIOR ] Run app\common\behavior\Common @app_dispatch [ RunTime:0.000210s ]
[ info ] [ ROUTE ] array (
  'type' => 'module',
  'module' => 
  array (
    0 => 'admin',
    1 => 'cof_message',
    2 => NULL,
  ),
)
[ info ] [ HEADER ] array (
  'cookie' => 'PHPSESSID=70ui7qc87rt8nr0h6rsivj3il7; think_var=zh-cn',
  'accept-language' => 'zh-CN,zh;q=0.9',
  'accept-encoding' => 'gzip, deflate',
  'accept' => 'text/html,application/xhtml+xml,application/xml;q=0.9,image/avif,image/webp,image/apng,*/*;q=0.8,application/signed-exchange;v=b3;q=0.9',
  'user-agent' => 'Mozilla/5.0 (Windows NT 10.0; Win64; x64) AppleWebKit/537.36 (KHTML, like Gecko) Chrome/87.0.4280.141 Safari/537.36',
  'upgrade-insecure-requests' => '1',
  'connection' => 'keep-alive',
  'host' => 'local.admin.cn',
  'content-length' => '',
  'content-type' => '',
)
[ info ] [ PARAM ] array (
  'addtabs' => '1',
)
[ info ] [ LANG ] D:\workspace\php\admin\public/../application/admin\lang\zh-cn.php
[ info ] [ BEHAVIOR ] Run app\common\behavior\Common @module_init [ RunTime:0.001019s ]
[ info ] [ SESSION ] INIT array (
  'id' => '',
  'var_session_id' => '',
  'prefix' => 'think',
  'type' => '',
  'auto_start' => true,
)
[ info ] [ DB ] INIT mysql
[ info ] [ LANG ] D:\workspace\php\admin\public/../application/admin/lang/zh-cn/cof_message.php
[ info ] [ RUN ] app\common\controller\Backend->index[ D:\workspace\php\admin\application\admin\library\traits\Backend.php ]
[ info ] [ VIEW ] D:\workspace\php\admin\public/../application/admin\view\cof_message\index.html [ array (
  0 => 'breadcrumb',
  1 => 'site',
  2 => 'config',
  3 => 'auth',
  4 => 'admin',
) ]
[ info ] [ BEHAVIOR ] Run app\admin\behavior\AdminLog @app_end [ RunTime:0.000121s ]
[ info ] [ LOG ] INIT File
---------------------------------------------------------------
[ 2021-01-27T23:19:41+08:00 ] 127.0.0.1 GET local.admin.cn/uqtRBPDrli.php/ajax/lang?callback=define&controllername=cof_message&lang=zh-cn&v=1611760781&v=1611760781
[运行时间：0.032476s] [吞吐率：30.79req/s] [内存消耗：3,160.64kb] [文件加载：130]
[ info ] [ BEHAVIOR ] Run Closure @app_init [ RunTime:0.000016s ]
[ info ] [ CACHE ] INIT File
[ info ] [ BEHAVIOR ] Run Closure @app_init [ RunTime:0.001241s ]
[ info ] [ LANG ] D:\workspace\php\admin\thinkphp\lang\zh-cn.php
[ info ] [ BEHAVIOR ] Run app\common\behavior\Common @app_dispatch [ RunTime:0.000233s ]
[ info ] [ ROUTE ] array (
  'type' => 'module',
  'module' => 
  array (
    0 => 'admin',
    1 => 'ajax',
    2 => 'lang',
  ),
)
[ info ] [ HEADER ] array (
  'cookie' => 'PHPSESSID=70ui7qc87rt8nr0h6rsivj3il7; think_var=zh-cn',
  'accept-language' => 'zh-CN,zh;q=0.9',
  'accept-encoding' => 'gzip, deflate',
  'accept' => '*/*',
  'user-agent' => 'Mozilla/5.0 (Windows NT 10.0; Win64; x64) AppleWebKit/537.36 (KHTML, like Gecko) Chrome/87.0.4280.141 Safari/537.36',
  'connection' => 'keep-alive',
  'host' => 'local.admin.cn',
  'content-length' => '',
  'content-type' => '',
)
[ info ] [ PARAM ] array (
  'callback' => 'define',
  'controllername' => 'cof_message',
  'lang' => 'zh-cn',
  'v' => '1611760781',
)
[ info ] [ LANG ] D:\workspace\php\admin\public/../application/admin\lang\zh-cn.php
[ info ] [ BEHAVIOR ] Run app\common\behavior\Common @module_init [ RunTime:0.001316s ]
[ info ] [ SESSION ] INIT array (
  'id' => '',
  'var_session_id' => '',
  'prefix' => 'think',
  'type' => '',
  'auto_start' => true,
)
[ info ] [ LANG ] D:\workspace\php\admin\public/../application/admin/lang/zh-cn/ajax.php
[ info ] [ RUN ] app\admin\controller\Ajax->lang[ D:\workspace\php\admin\application\admin\controller\Ajax.php ]
[ info ] [ LANG ] D:\workspace\php\admin\public/../application/admin/lang/zh-cn/cof_message.php
[ info ] [ BEHAVIOR ] Run app\admin\behavior\AdminLog @app_end [ RunTime:0.000123s ]
[ info ] [ LOG ] INIT File
---------------------------------------------------------------
[ 2021-01-27T23:19:41+08:00 ] 127.0.0.1 GET local.admin.cn/uqtRBPDrli.php/cof_message/index?addtabs=1&sort=MesId&order=desc&offset=0&limit=10&filter=%7B%7D&op=%7B%7D&_=1611760781239
[运行时间：0.055683s] [吞吐率：17.96req/s] [内存消耗：4,202.78kb] [文件加载：139]
[ info ] [ BEHAVIOR ] Run Closure @app_init [ RunTime:0.000017s ]
[ info ] [ CACHE ] INIT File
[ info ] [ BEHAVIOR ] Run Closure @app_init [ RunTime:0.001228s ]
[ info ] [ LANG ] D:\workspace\php\admin\thinkphp\lang\zh-cn.php
[ info ] [ BEHAVIOR ] Run app\common\behavior\Common @app_dispatch [ RunTime:0.000355s ]
[ info ] [ ROUTE ] array (
  'type' => 'module',
  'module' => 
  array (
    0 => 'admin',
    1 => 'cof_message',
    2 => 'index',
  ),
)
[ info ] [ HEADER ] array (
  'cookie' => 'PHPSESSID=70ui7qc87rt8nr0h6rsivj3il7; think_var=zh-cn',
  'accept-language' => 'zh-CN,zh;q=0.9',
  'accept-encoding' => 'gzip, deflate',
  'content-type' => 'application/json',
  'user-agent' => 'Mozilla/5.0 (Windows NT 10.0; Win64; x64) AppleWebKit/537.36 (KHTML, like Gecko) Chrome/87.0.4280.141 Safari/537.36',
  'x-requested-with' => 'XMLHttpRequest',
  'accept' => 'application/json, text/javascript, */*; q=0.01',
  'connection' => 'keep-alive',
  'host' => 'local.admin.cn',
  'content-length' => '',
)
[ info ] [ PARAM ] array (
  'addtabs' => '1',
  'sort' => 'MesId',
  'order' => 'desc',
  'offset' => '0',
  'limit' => '10',
  'filter' => '{}',
  'op' => '{}',
  '_' => '1611760781239',
)
[ info ] [ LANG ] D:\workspace\php\admin\public/../application/admin\lang\zh-cn.php
[ info ] [ BEHAVIOR ] Run app\common\behavior\Common @module_init [ RunTime:0.001165s ]
[ info ] [ SESSION ] INIT array (
  'id' => '',
  'var_session_id' => '',
  'prefix' => 'think',
  'type' => '',
  'auto_start' => true,
)
[ info ] [ DB ] INIT mysql
[ info ] [ LANG ] D:\workspace\php\admin\public/../application/admin/lang/zh-cn/cof_message.php
[ info ] [ RUN ] app\common\controller\Backend->index[ D:\workspace\php\admin\application\admin\library\traits\Backend.php ]
[ info ] [ BEHAVIOR ] Run app\admin\behavior\AdminLog @app_end [ RunTime:0.000148s ]
[ info ] [ LOG ] INIT File
---------------------------------------------------------------
[ 2021-01-27T23:19:42+08:00 ] 127.0.0.1 GET local.admin.cn/uqtRBPDrli.php/cof_banner?addtabs=1
[运行时间：0.060544s] [吞吐率：16.52req/s] [内存消耗：4,120.96kb] [文件加载：136]
[ info ] [ BEHAVIOR ] Run Closure @app_init [ RunTime:0.000016s ]
[ info ] [ CACHE ] INIT File
[ info ] [ BEHAVIOR ] Run Closure @app_init [ RunTime:0.001160s ]
[ info ] [ LANG ] D:\workspace\php\admin\thinkphp\lang\zh-cn.php
[ info ] [ BEHAVIOR ] Run app\common\behavior\Common @app_dispatch [ RunTime:0.000221s ]
[ info ] [ ROUTE ] array (
  'type' => 'module',
  'module' => 
  array (
    0 => 'admin',
    1 => 'cof_banner',
    2 => NULL,
  ),
)
[ info ] [ HEADER ] array (
  'cookie' => 'PHPSESSID=70ui7qc87rt8nr0h6rsivj3il7; think_var=zh-cn',
  'accept-language' => 'zh-CN,zh;q=0.9',
  'accept-encoding' => 'gzip, deflate',
  'accept' => 'text/html,application/xhtml+xml,application/xml;q=0.9,image/avif,image/webp,image/apng,*/*;q=0.8,application/signed-exchange;v=b3;q=0.9',
  'user-agent' => 'Mozilla/5.0 (Windows NT 10.0; Win64; x64) AppleWebKit/537.36 (KHTML, like Gecko) Chrome/87.0.4280.141 Safari/537.36',
  'upgrade-insecure-requests' => '1',
  'connection' => 'keep-alive',
  'host' => 'local.admin.cn',
  'content-length' => '',
  'content-type' => '',
)
[ info ] [ PARAM ] array (
  'addtabs' => '1',
)
[ info ] [ LANG ] D:\workspace\php\admin\public/../application/admin\lang\zh-cn.php
[ info ] [ BEHAVIOR ] Run app\common\behavior\Common @module_init [ RunTime:0.001252s ]
[ info ] [ SESSION ] INIT array (
  'id' => '',
  'var_session_id' => '',
  'prefix' => 'think',
  'type' => '',
  'auto_start' => true,
)
[ info ] [ DB ] INIT mysql
[ info ] [ LANG ] D:\workspace\php\admin\public/../application/admin/lang/zh-cn/cof_banner.php
[ info ] [ RUN ] app\common\controller\Backend->index[ D:\workspace\php\admin\application\admin\library\traits\Backend.php ]
[ info ] [ VIEW ] D:\workspace\php\admin\public/../application/admin\view\cof_banner\index.html [ array (
  0 => 'breadcrumb',
  1 => 'site',
  2 => 'config',
  3 => 'auth',
  4 => 'admin',
) ]
[ info ] [ BEHAVIOR ] Run app\admin\behavior\AdminLog @app_end [ RunTime:0.000120s ]
[ info ] [ LOG ] INIT File
---------------------------------------------------------------
[ 2021-01-27T23:19:42+08:00 ] 127.0.0.1 GET local.admin.cn/uqtRBPDrli.php/ajax/lang?callback=define&controllername=cof_banner&lang=zh-cn&v=1611760782&v=1611760782
[运行时间：0.034879s] [吞吐率：28.67req/s] [内存消耗：3,160.50kb] [文件加载：130]
[ info ] [ BEHAVIOR ] Run Closure @app_init [ RunTime:0.000015s ]
[ info ] [ CACHE ] INIT File
[ info ] [ BEHAVIOR ] Run Closure @app_init [ RunTime:0.001251s ]
[ info ] [ LANG ] D:\workspace\php\admin\thinkphp\lang\zh-cn.php
[ info ] [ BEHAVIOR ] Run app\common\behavior\Common @app_dispatch [ RunTime:0.000292s ]
[ info ] [ ROUTE ] array (
  'type' => 'module',
  'module' => 
  array (
    0 => 'admin',
    1 => 'ajax',
    2 => 'lang',
  ),
)
[ info ] [ HEADER ] array (
  'cookie' => 'PHPSESSID=70ui7qc87rt8nr0h6rsivj3il7; think_var=zh-cn',
  'accept-language' => 'zh-CN,zh;q=0.9',
  'accept-encoding' => 'gzip, deflate',
  'accept' => '*/*',
  'user-agent' => 'Mozilla/5.0 (Windows NT 10.0; Win64; x64) AppleWebKit/537.36 (KHTML, like Gecko) Chrome/87.0.4280.141 Safari/537.36',
  'connection' => 'keep-alive',
  'host' => 'local.admin.cn',
  'content-length' => '',
  'content-type' => '',
)
[ info ] [ PARAM ] array (
  'callback' => 'define',
  'controllername' => 'cof_banner',
  'lang' => 'zh-cn',
  'v' => '1611760782',
)
[ info ] [ LANG ] D:\workspace\php\admin\public/../application/admin\lang\zh-cn.php
[ info ] [ BEHAVIOR ] Run app\common\behavior\Common @module_init [ RunTime:0.001754s ]
[ info ] [ SESSION ] INIT array (
  'id' => '',
  'var_session_id' => '',
  'prefix' => 'think',
  'type' => '',
  'auto_start' => true,
)
[ info ] [ LANG ] D:\workspace\php\admin\public/../application/admin/lang/zh-cn/ajax.php
[ info ] [ RUN ] app\admin\controller\Ajax->lang[ D:\workspace\php\admin\application\admin\controller\Ajax.php ]
[ info ] [ LANG ] D:\workspace\php\admin\public/../application/admin/lang/zh-cn/cof_banner.php
[ info ] [ BEHAVIOR ] Run app\admin\behavior\AdminLog @app_end [ RunTime:0.000117s ]
[ info ] [ LOG ] INIT File
---------------------------------------------------------------
[ 2021-01-27T23:19:42+08:00 ] 127.0.0.1 GET local.admin.cn/uqtRBPDrli.php/cof_banner/index?addtabs=1&sort=BannerId&order=desc&offset=0&limit=10&filter=%7B%7D&op=%7B%7D&_=1611760782488
[运行时间：0.060393s] [吞吐率：16.56req/s] [内存消耗：4,198.91kb] [文件加载：139]
[ info ] [ BEHAVIOR ] Run Closure @app_init [ RunTime:0.000019s ]
[ info ] [ CACHE ] INIT File
[ info ] [ BEHAVIOR ] Run Closure @app_init [ RunTime:0.001225s ]
[ info ] [ LANG ] D:\workspace\php\admin\thinkphp\lang\zh-cn.php
[ info ] [ BEHAVIOR ] Run app\common\behavior\Common @app_dispatch [ RunTime:0.000263s ]
[ info ] [ ROUTE ] array (
  'type' => 'module',
  'module' => 
  array (
    0 => 'admin',
    1 => 'cof_banner',
    2 => 'index',
  ),
)
[ info ] [ HEADER ] array (
  'cookie' => 'PHPSESSID=70ui7qc87rt8nr0h6rsivj3il7; think_var=zh-cn',
  'accept-language' => 'zh-CN,zh;q=0.9',
  'accept-encoding' => 'gzip, deflate',
  'content-type' => 'application/json',
  'user-agent' => 'Mozilla/5.0 (Windows NT 10.0; Win64; x64) AppleWebKit/537.36 (KHTML, like Gecko) Chrome/87.0.4280.141 Safari/537.36',
  'x-requested-with' => 'XMLHttpRequest',
  'accept' => 'application/json, text/javascript, */*; q=0.01',
  'connection' => 'keep-alive',
  'host' => 'local.admin.cn',
  'content-length' => '',
)
[ info ] [ PARAM ] array (
  'addtabs' => '1',
  'sort' => 'BannerId',
  'order' => 'desc',
  'offset' => '0',
  'limit' => '10',
  'filter' => '{}',
  'op' => '{}',
  '_' => '1611760782488',
)
[ info ] [ LANG ] D:\workspace\php\admin\public/../application/admin\lang\zh-cn.php
[ info ] [ BEHAVIOR ] Run app\common\behavior\Common @module_init [ RunTime:0.001521s ]
[ info ] [ SESSION ] INIT array (
  'id' => '',
  'var_session_id' => '',
  'prefix' => 'think',
  'type' => '',
  'auto_start' => true,
)
[ info ] [ DB ] INIT mysql
[ info ] [ LANG ] D:\workspace\php\admin\public/../application/admin/lang/zh-cn/cof_banner.php
[ info ] [ RUN ] app\common\controller\Backend->index[ D:\workspace\php\admin\application\admin\library\traits\Backend.php ]
[ info ] [ BEHAVIOR ] Run app\admin\behavior\AdminLog @app_end [ RunTime:0.000138s ]
[ info ] [ LOG ] INIT File
---------------------------------------------------------------
[ 2021-01-27T23:19:54+08:00 ] 127.0.0.1 GET local.admin.cn/uqtRBPDrli.php/pro_prize?addtabs=1
[运行时间：0.045310s] [吞吐率：22.07req/s] [内存消耗：4,121.05kb] [文件加载：136]
[ info ] [ BEHAVIOR ] Run Closure @app_init [ RunTime:0.000015s ]
[ info ] [ CACHE ] INIT File
[ info ] [ BEHAVIOR ] Run Closure @app_init [ RunTime:0.001071s ]
[ info ] [ LANG ] D:\workspace\php\admin\thinkphp\lang\zh-cn.php
[ info ] [ BEHAVIOR ] Run app\common\behavior\Common @app_dispatch [ RunTime:0.000197s ]
[ info ] [ ROUTE ] array (
  'type' => 'module',
  'module' => 
  array (
    0 => 'admin',
    1 => 'pro_prize',
    2 => NULL,
  ),
)
[ info ] [ HEADER ] array (
  'cookie' => 'PHPSESSID=70ui7qc87rt8nr0h6rsivj3il7; think_var=zh-cn',
  'accept-language' => 'zh-CN,zh;q=0.9',
  'accept-encoding' => 'gzip, deflate',
  'accept' => 'text/html,application/xhtml+xml,application/xml;q=0.9,image/avif,image/webp,image/apng,*/*;q=0.8,application/signed-exchange;v=b3;q=0.9',
  'user-agent' => 'Mozilla/5.0 (Windows NT 10.0; Win64; x64) AppleWebKit/537.36 (KHTML, like Gecko) Chrome/87.0.4280.141 Safari/537.36',
  'upgrade-insecure-requests' => '1',
  'connection' => 'keep-alive',
  'host' => 'local.admin.cn',
  'content-length' => '',
  'content-type' => '',
)
[ info ] [ PARAM ] array (
  'addtabs' => '1',
)
[ info ] [ LANG ] D:\workspace\php\admin\public/../application/admin\lang\zh-cn.php
[ info ] [ BEHAVIOR ] Run app\common\behavior\Common @module_init [ RunTime:0.000964s ]
[ info ] [ SESSION ] INIT array (
  'id' => '',
  'var_session_id' => '',
  'prefix' => 'think',
  'type' => '',
  'auto_start' => true,
)
[ info ] [ DB ] INIT mysql
[ info ] [ LANG ] D:\workspace\php\admin\public/../application/admin/lang/zh-cn/pro_prize.php
[ info ] [ RUN ] app\common\controller\Backend->index[ D:\workspace\php\admin\application\admin\library\traits\Backend.php ]
[ info ] [ VIEW ] D:\workspace\php\admin\public/../application/admin\view\pro_prize\index.html [ array (
  0 => 'breadcrumb',
  1 => 'site',
  2 => 'config',
  3 => 'auth',
  4 => 'admin',
) ]
[ info ] [ BEHAVIOR ] Run app\admin\behavior\AdminLog @app_end [ RunTime:0.000119s ]
[ info ] [ LOG ] INIT File
---------------------------------------------------------------
[ 2021-01-27T23:19:54+08:00 ] 127.0.0.1 GET local.admin.cn/uqtRBPDrli.php/ajax/lang?callback=define&controllername=pro_prize&lang=zh-cn&v=1611760794&v=1611760794
[运行时间：0.041906s] [吞吐率：23.86req/s] [内存消耗：3,160.66kb] [文件加载：130]
[ info ] [ BEHAVIOR ] Run Closure @app_init [ RunTime:0.000024s ]
[ info ] [ CACHE ] INIT File
[ info ] [ BEHAVIOR ] Run Closure @app_init [ RunTime:0.001965s ]
[ info ] [ LANG ] D:\workspace\php\admin\thinkphp\lang\zh-cn.php
[ info ] [ BEHAVIOR ] Run app\common\behavior\Common @app_dispatch [ RunTime:0.000235s ]
[ info ] [ ROUTE ] array (
  'type' => 'module',
  'module' => 
  array (
    0 => 'admin',
    1 => 'ajax',
    2 => 'lang',
  ),
)
[ info ] [ HEADER ] array (
  'cookie' => 'PHPSESSID=70ui7qc87rt8nr0h6rsivj3il7; think_var=zh-cn',
  'accept-language' => 'zh-CN,zh;q=0.9',
  'accept-encoding' => 'gzip, deflate',
  'accept' => '*/*',
  'user-agent' => 'Mozilla/5.0 (Windows NT 10.0; Win64; x64) AppleWebKit/537.36 (KHTML, like Gecko) Chrome/87.0.4280.141 Safari/537.36',
  'connection' => 'keep-alive',
  'host' => 'local.admin.cn',
  'content-length' => '',
  'content-type' => '',
)
[ info ] [ PARAM ] array (
  'callback' => 'define',
  'controllername' => 'pro_prize',
  'lang' => 'zh-cn',
  'v' => '1611760794',
)
[ info ] [ LANG ] D:\workspace\php\admin\public/../application/admin\lang\zh-cn.php
[ info ] [ BEHAVIOR ] Run app\common\behavior\Common @module_init [ RunTime:0.001360s ]
[ info ] [ SESSION ] INIT array (
  'id' => '',
  'var_session_id' => '',
  'prefix' => 'think',
  'type' => '',
  'auto_start' => true,
)
[ info ] [ LANG ] D:\workspace\php\admin\public/../application/admin/lang/zh-cn/ajax.php
[ info ] [ RUN ] app\admin\controller\Ajax->lang[ D:\workspace\php\admin\application\admin\controller\Ajax.php ]
[ info ] [ LANG ] D:\workspace\php\admin\public/../application/admin/lang/zh-cn/pro_prize.php
[ info ] [ BEHAVIOR ] Run app\admin\behavior\AdminLog @app_end [ RunTime:0.000370s ]
[ info ] [ LOG ] INIT File
---------------------------------------------------------------
[ 2021-01-27T23:19:55+08:00 ] 127.0.0.1 GET local.admin.cn/uqtRBPDrli.php/pro_prize/index?addtabs=1&sort=PrizeId&order=desc&offset=0&limit=10&filter=%7B%7D&op=%7B%7D&_=1611760794815
[运行时间：0.057145s] [吞吐率：17.50req/s] [内存消耗：4,200.24kb] [文件加载：139]
[ info ] [ BEHAVIOR ] Run Closure @app_init [ RunTime:0.000021s ]
[ info ] [ CACHE ] INIT File
[ info ] [ BEHAVIOR ] Run Closure @app_init [ RunTime:0.001225s ]
[ info ] [ LANG ] D:\workspace\php\admin\thinkphp\lang\zh-cn.php
[ info ] [ BEHAVIOR ] Run app\common\behavior\Common @app_dispatch [ RunTime:0.000263s ]
[ info ] [ ROUTE ] array (
  'type' => 'module',
  'module' => 
  array (
    0 => 'admin',
    1 => 'pro_prize',
    2 => 'index',
  ),
)
[ info ] [ HEADER ] array (
  'cookie' => 'PHPSESSID=70ui7qc87rt8nr0h6rsivj3il7; think_var=zh-cn',
  'accept-language' => 'zh-CN,zh;q=0.9',
  'accept-encoding' => 'gzip, deflate',
  'content-type' => 'application/json',
  'user-agent' => 'Mozilla/5.0 (Windows NT 10.0; Win64; x64) AppleWebKit/537.36 (KHTML, like Gecko) Chrome/87.0.4280.141 Safari/537.36',
  'x-requested-with' => 'XMLHttpRequest',
  'accept' => 'application/json, text/javascript, */*; q=0.01',
  'connection' => 'keep-alive',
  'host' => 'local.admin.cn',
  'content-length' => '',
)
[ info ] [ PARAM ] array (
  'addtabs' => '1',
  'sort' => 'PrizeId',
  'order' => 'desc',
  'offset' => '0',
  'limit' => '10',
  'filter' => '{}',
  'op' => '{}',
  '_' => '1611760794815',
)
[ info ] [ LANG ] D:\workspace\php\admin\public/../application/admin\lang\zh-cn.php
[ info ] [ BEHAVIOR ] Run app\common\behavior\Common @module_init [ RunTime:0.001232s ]
[ info ] [ SESSION ] INIT array (
  'id' => '',
  'var_session_id' => '',
  'prefix' => 'think',
  'type' => '',
  'auto_start' => true,
)
[ info ] [ DB ] INIT mysql
[ info ] [ LANG ] D:\workspace\php\admin\public/../application/admin/lang/zh-cn/pro_prize.php
[ info ] [ RUN ] app\common\controller\Backend->index[ D:\workspace\php\admin\application\admin\library\traits\Backend.php ]
[ info ] [ BEHAVIOR ] Run app\admin\behavior\AdminLog @app_end [ RunTime:0.000120s ]
[ info ] [ LOG ] INIT File
