[ 2021-02-02T21:52:09+08:00 ][ info ] [ BEHAVIOR ] Run Closure @app_init [ RunTime:0.000150s ]
[ info ] [ LOG ] INIT File
[ 2021-02-02T21:52:09+08:00 ][ info ] [ CACHE ] INIT File
[ 2021-02-02T21:52:09+08:00 ][ info ] [ BEHAVIOR ] Run Closure @app_init [ RunTime:0.005202s ]
[ 2021-02-02T21:52:09+08:00 ][ info ] [ DB ] INIT mysql
[ 2021-02-02T21:52:09+08:00 ][ info ] [ BEHAVIOR ] Run Closure @app_init [ RunTime:0.000395s ]
[ info ] [ LOG ] INIT File
[ 2021-02-02T21:52:09+08:00 ][ info ] [ CACHE ] INIT File
[ 2021-02-02T21:52:09+08:00 ][ info ] [ BEHAVIOR ] Run Closure @app_init [ RunTime:0.001918s ]
[ 2021-02-02T21:52:09+08:00 ][ info ] [ DB ] INIT mysql
[ 2021-02-02T21:52:09+08:00 ][ info ] [ LANG ] D:\workspace\php\admin\application\admin\lang/zh-cn.php
[ 2021-02-02T21:52:40+08:00 ][ info ] [ BEHAVIOR ] Run Closure @app_init [ RunTime:0.000150s ]
[ info ] [ LOG ] INIT File
[ 2021-02-02T21:52:40+08:00 ][ info ] [ CACHE ] INIT File
[ 2021-02-02T21:52:40+08:00 ][ info ] [ BEHAVIOR ] Run Closure @app_init [ RunTime:0.001836s ]
[ 2021-02-02T21:52:40+08:00 ][ info ] [ DB ] INIT mysql
[ 2021-02-02T21:52:40+08:00 ][ info ] [ BEHAVIOR ] Run Closure @app_init [ RunTime:0.000159s ]
[ info ] [ LOG ] INIT File
[ 2021-02-02T21:52:40+08:00 ][ info ] [ CACHE ] INIT File
[ 2021-02-02T21:52:40+08:00 ][ info ] [ BEHAVIOR ] Run Closure @app_init [ RunTime:0.001943s ]
[ 2021-02-02T21:52:40+08:00 ][ info ] [ DB ] INIT mysql
[ 2021-02-02T21:52:40+08:00 ][ info ] [ LANG ] D:\workspace\php\admin\application\admin\lang/zh-cn.php
